<?xml version="1.0" encoding="UTF-8"?>
<testsuite name="com.mood.testcase.MoodAnalyserTest" tests="1" skipped="0" failures="0" errors="0" timestamp="2020-03-30T09:06:19" hostname="SUBE-DELL" time="0.009">
  <properties/>
  <testcase name="givenMoodAnalyserMessage_WithReflector_ShouldReturnNoAccessException" classname="com.mood.testcase.MoodAnalyserTest" time="0.009"/>
  <system-out><![CDATA[]]></system-out>
  <system-err><![CDATA[]]></system-err>
</testsuite>
